[2025-03-29 07:13:28] local.DEBUG: XXXX  
[2025-03-29 07:13:28] local.INFO: <-----------------------------------[Pre Controller Process]----------------------------------->  
[2025-03-29 07:13:28] local.INFO: Request URL: http://gateway.local/api/meta/data  
[2025-03-29 07:13:28] local.INFO: Request Method: POST  
[2025-03-29 07:13:28] local.DEBUG: Request data: {
    "payload": "OXFdKbHfhnN0CAL1euG7aO32LMgOmSMOn6lwmdEeW4gBYi+1qBeCl7sCMmnWLt6IfJV\/ALuzy1h6ACT7wgslPQ=="
}  
[2025-03-29 07:13:28] local.DEBUG: Response data:
{
    "status": "Success",
    "error": 0,
    "message": "Startup Data",
    "payload": {
        "gateway_version": "1.0",
        "database_version": "1.0",
        "frontend_version": "1.0",
        "cue": "base64:Q3cmrwFmKvW9yTLARzCYwXtUfEz1dUn0w8Hh5d+HqO0="
    }
}  
[2025-03-29 07:13:28] local.INFO: Response Status: 200  
[2025-03-29 07:13:28] local.INFO: URL ORIGIN: http://gateway.local/api/meta/data  
[2025-03-29 07:13:28] local.INFO: <-----------------------------------[Post Controller Process]----------------------------------->  
[2025-03-29 07:14:09] local.INFO: <-----------------------------------[Pre Controller Process]----------------------------------->  
[2025-03-29 07:14:09] local.INFO: Request URL: http://gateway.local/api/meta/data  
[2025-03-29 07:14:09] local.INFO: Request Method: POST  
[2025-03-29 07:14:09] local.DEBUG: Request data: {
    "payload": "gTIatZaLWju6ccG+E50ShsxXWYrE6LyYTgqeEVqrf8moVuxaZXCqjkkA8JDD06SGxYRKKnfKeFOiBlp7Q0jDhQ=="
}  
[2025-03-29 07:14:09] local.DEBUG: Response data:
{
    "status": "Success",
    "error": 0,
    "message": "Startup Data",
    "payload": {
        "gateway_version": "1.0",
        "database_version": "1.0",
        "frontend_version": "1.0",
        "cue": "base64:Q3cmrwFmKvW9yTLARzCYwXtUfEz1dUn0w8Hh5d+HqO0="
    }
}  
[2025-03-29 07:14:09] local.INFO: Response Status: 200  
[2025-03-29 07:14:09] local.INFO: URL ORIGIN: http://gateway.local/api/meta/data  
[2025-03-29 07:14:09] local.INFO: <-----------------------------------[Post Controller Process]----------------------------------->  
[2025-03-29 07:14:09] local.ERROR: Undefined variable $request {"exception":"[object] (ErrorException(code: 0): Undefined variable $request at /var/www/html/project_1/gateway/app/Http/Middleware/Encrypt.php:39)
[stacktrace]
#0 /var/www/html/project_1/gateway/vendor/laravel/framework/src/Illuminate/Foundation/Bootstrap/HandleExceptions.php(256): Illuminate\\Foundation\\Bootstrap\\HandleExceptions->handleError()
#1 /var/www/html/project_1/gateway/app/Http/Middleware/Encrypt.php(39): Illuminate\\Foundation\\Bootstrap\\HandleExceptions->Illuminate\\Foundation\\Bootstrap\\{closure}()
#2 /var/www/html/project_1/gateway/app/Http/Middleware/Encrypt.php(28): App\\Http\\Middleware\\Encrypt->encryptData()
#3 /var/www/html/project_1/gateway/vendor/laravel/framework/src/Illuminate/Pipeline/Pipeline.php(209): App\\Http\\Middleware\\Encrypt->handle()
#4 /var/www/html/project_1/gateway/vendor/laravel/framework/src/Illuminate/Routing/Middleware/SubstituteBindings.php(51): Illuminate\\Pipeline\\Pipeline->Illuminate\\Pipeline\\{closure}()
#5 /var/www/html/project_1/gateway/vendor/laravel/framework/src/Illuminate/Pipeline/Pipeline.php(209): Illuminate\\Routing\\Middleware\\SubstituteBindings->handle()
#6 /var/www/html/project_1/gateway/app/Http/Middleware/PreGeneralProcess.php(23): Illuminate\\Pipeline\\Pipeline->Illuminate\\Pipeline\\{closure}()
#7 /var/www/html/project_1/gateway/vendor/laravel/framework/src/Illuminate/Pipeline/Pipeline.php(209): App\\Http\\Middleware\\PreGeneralProcess->handle()
#8 /var/www/html/project_1/gateway/app/Http/Middleware/PreRequestLogs.php(18): Illuminate\\Pipeline\\Pipeline->Illuminate\\Pipeline\\{closure}()
#9 /var/www/html/project_1/gateway/vendor/laravel/framework/src/Illuminate/Pipeline/Pipeline.php(209): App\\Http\\Middleware\\PreRequestLogs->handle()
#10 /var/www/html/project_1/gateway/app/Http/Middleware/Decrypt.php(23): Illuminate\\Pipeline\\Pipeline->Illuminate\\Pipeline\\{closure}()
#11 /var/www/html/project_1/gateway/vendor/laravel/framework/src/Illuminate/Pipeline/Pipeline.php(209): App\\Http\\Middleware\\Decrypt->handle()
#12 /var/www/html/project_1/gateway/vendor/laravel/framework/src/Illuminate/Pipeline/Pipeline.php(127): Illuminate\\Pipeline\\Pipeline->Illuminate\\Pipeline\\{closure}()
#13 /var/www/html/project_1/gateway/vendor/laravel/framework/src/Illuminate/Routing/Router.php(807): Illuminate\\Pipeline\\Pipeline->then()
#14 /var/www/html/project_1/gateway/vendor/laravel/framework/src/Illuminate/Routing/Router.php(786): Illuminate\\Routing\\Router->runRouteWithinStack()
#15 /var/www/html/project_1/gateway/vendor/laravel/framework/src/Illuminate/Routing/Router.php(750): Illuminate\\Routing\\Router->runRoute()
#16 /var/www/html/project_1/gateway/vendor/laravel/framework/src/Illuminate/Routing/Router.php(739): Illuminate\\Routing\\Router->dispatchToRoute()
#17 /var/www/html/project_1/gateway/vendor/laravel/framework/src/Illuminate/Foundation/Http/Kernel.php(201): Illuminate\\Routing\\Router->dispatch()
#18 /var/www/html/project_1/gateway/vendor/laravel/framework/src/Illuminate/Pipeline/Pipeline.php(170): Illuminate\\Foundation\\Http\\Kernel->Illuminate\\Foundation\\Http\\{closure}()
#19 /var/www/html/project_1/gateway/vendor/laravel/framework/src/Illuminate/Foundation/Http/Middleware/TransformsRequest.php(21): Illuminate\\Pipeline\\Pipeline->Illuminate\\Pipeline\\{closure}()
#20 /var/www/html/project_1/gateway/vendor/laravel/framework/src/Illuminate/Foundation/Http/Middleware/ConvertEmptyStringsToNull.php(31): Illuminate\\Foundation\\Http\\Middleware\\TransformsRequest->handle()
#21 /var/www/html/project_1/gateway/vendor/laravel/framework/src/Illuminate/Pipeline/Pipeline.php(209): Illuminate\\Foundation\\Http\\Middleware\\ConvertEmptyStringsToNull->handle()
#22 /var/www/html/project_1/gateway/vendor/laravel/framework/src/Illuminate/Foundation/Http/Middleware/TransformsRequest.php(21): Illuminate\\Pipeline\\Pipeline->Illuminate\\Pipeline\\{closure}()
#23 /var/www/html/project_1/gateway/vendor/laravel/framework/src/Illuminate/Foundation/Http/Middleware/TrimStrings.php(51): Illuminate\\Foundation\\Http\\Middleware\\TransformsRequest->handle()
#24 /var/www/html/project_1/gateway/vendor/laravel/framework/src/Illuminate/Pipeline/Pipeline.php(209): Illuminate\\Foundation\\Http\\Middleware\\TrimStrings->handle()
#25 /var/www/html/project_1/gateway/vendor/laravel/framework/src/Illuminate/Http/Middleware/ValidatePostSize.php(27): Illuminate\\Pipeline\\Pipeline->Illuminate\\Pipeline\\{closure}()
#26 /var/www/html/project_1/gateway/vendor/laravel/framework/src/Illuminate/Pipeline/Pipeline.php(209): Illuminate\\Http\\Middleware\\ValidatePostSize->handle()
#27 /var/www/html/project_1/gateway/vendor/laravel/framework/src/Illuminate/Foundation/Http/Middleware/PreventRequestsDuringMaintenance.php(110): Illuminate\\Pipeline\\Pipeline->Illuminate\\Pipeline\\{closure}()
#28 /var/www/html/project_1/gateway/vendor/laravel/framework/src/Illuminate/Pipeline/Pipeline.php(209): Illuminate\\Foundation\\Http\\Middleware\\PreventRequestsDuringMaintenance->handle()
#29 /var/www/html/project_1/gateway/vendor/laravel/framework/src/Illuminate/Http/Middleware/HandleCors.php(62): Illuminate\\Pipeline\\Pipeline->Illuminate\\Pipeline\\{closure}()
#30 /var/www/html/project_1/gateway/vendor/laravel/framework/src/Illuminate/Pipeline/Pipeline.php(209): Illuminate\\Http\\Middleware\\HandleCors->handle()
#31 /var/www/html/project_1/gateway/vendor/laravel/framework/src/Illuminate/Http/Middleware/TrustProxies.php(58): Illuminate\\Pipeline\\Pipeline->Illuminate\\Pipeline\\{closure}()
#32 /var/www/html/project_1/gateway/vendor/laravel/framework/src/Illuminate/Pipeline/Pipeline.php(209): Illuminate\\Http\\Middleware\\TrustProxies->handle()
#33 /var/www/html/project_1/gateway/vendor/laravel/framework/src/Illuminate/Foundation/Http/Middleware/InvokeDeferredCallbacks.php(22): Illuminate\\Pipeline\\Pipeline->Illuminate\\Pipeline\\{closure}()
#34 /var/www/html/project_1/gateway/vendor/laravel/framework/src/Illuminate/Pipeline/Pipeline.php(209): Illuminate\\Foundation\\Http\\Middleware\\InvokeDeferredCallbacks->handle()
#35 /var/www/html/project_1/gateway/vendor/laravel/framework/src/Illuminate/Http/Middleware/ValidatePathEncoding.php(26): Illuminate\\Pipeline\\Pipeline->Illuminate\\Pipeline\\{closure}()
#36 /var/www/html/project_1/gateway/vendor/laravel/framework/src/Illuminate/Pipeline/Pipeline.php(209): Illuminate\\Http\\Middleware\\ValidatePathEncoding->handle()
#37 /var/www/html/project_1/gateway/vendor/laravel/framework/src/Illuminate/Pipeline/Pipeline.php(127): Illuminate\\Pipeline\\Pipeline->Illuminate\\Pipeline\\{closure}()
#38 /var/www/html/project_1/gateway/vendor/laravel/framework/src/Illuminate/Foundation/Http/Kernel.php(176): Illuminate\\Pipeline\\Pipeline->then()
#39 /var/www/html/project_1/gateway/vendor/laravel/framework/src/Illuminate/Foundation/Http/Kernel.php(145): Illuminate\\Foundation\\Http\\Kernel->sendRequestThroughRouter()
#40 /var/www/html/project_1/gateway/vendor/laravel/framework/src/Illuminate/Foundation/Application.php(1220): Illuminate\\Foundation\\Http\\Kernel->handle()
#41 /var/www/html/project_1/gateway/public/index.php(20): Illuminate\\Foundation\\Application->handleRequest()
#42 {main}
"} 
[2025-03-29 07:14:52] local.INFO: <-----------------------------------[Pre Controller Process]----------------------------------->  
[2025-03-29 07:14:52] local.INFO: Request URL: http://gateway.local/api/meta/data  
[2025-03-29 07:14:52] local.INFO: Request Method: POST  
[2025-03-29 07:14:52] local.DEBUG: Request data: {
    "payload": "KmyhwfJG3WNULa6JMx55Ll\/iQApOTxgE9mjpj0qQAl3NHPo3hUKsJXOpfqw1VyipY25rJQd5x5+E\/VS5MYpx6w=="
}  
[2025-03-29 07:14:52] local.DEBUG: Response data:
{
    "status": "Success",
    "error": 0,
    "message": "Startup Data",
    "payload": {
        "gateway_version": "1.0",
        "database_version": "1.0",
        "frontend_version": "1.0",
        "cue": "base64:Q3cmrwFmKvW9yTLARzCYwXtUfEz1dUn0w8Hh5d+HqO0="
    }
}  
[2025-03-29 07:14:52] local.INFO: Response Status: 200  
[2025-03-29 07:14:52] local.INFO: URL ORIGIN: http://gateway.local/api/meta/data  
[2025-03-29 07:14:52] local.INFO: <-----------------------------------[Post Controller Process]----------------------------------->  
[2025-03-29 07:14:54] local.INFO: <-----------------------------------[Pre Controller Process]----------------------------------->  
[2025-03-29 07:14:54] local.INFO: Request URL: http://gateway.local/api/web/login  
[2025-03-29 07:14:54] local.INFO: Request Method: POST  
[2025-03-29 07:14:54] local.DEBUG: Request data: {
    "payload": {
        "username": "superuser",
        "password": "123123aA"
    }
}  
[2025-03-29 07:14:54] local.INFO: [AuthController@webLogin] Logging in username superuser  
[2025-03-29 07:14:54] local.INFO: [AuthController@webLogin] superuser login success!  
[2025-03-29 07:14:54] local.DEBUG: Response data:
{
    "status": "Success",
    "error": 0,
    "message": "Login success!",
    "payload": {
        "access_token": "eyJ0eXAiOiJKV1QiLCJhbGciOiJIUzI1NiJ9.eyJpc3MiOiJodHRwOi8vZ2F0ZXdheS5sb2NhbC9hcGkvd2ViL2xvZ2luIiwiaWF0IjoxNzQzMjMyNDk0LCJleHAiOjE3NDMyMzYwOTQsIm5iZiI6MTc0MzIzMjQ5NCwianRpIjoiUG1GUjk1MzFTU2d3QWhKYSIsInN1YiI6IjEiLCJwcnYiOiIyM2JkNWM4OTQ5ZjYwMGFkYjM5ZTcwMWM0MDA4NzJkYjdhNTk3NmY3In0.S-cr6OKgGC8vx7e3KsKiPI86FoeLM-1biZxXA36Am14",
        "token_expire": 3600
    }
}  
[2025-03-29 07:14:54] local.INFO: Response Status: 200  
[2025-03-29 07:14:54] local.INFO: URL ORIGIN: http://gateway.local/api/web/login  
[2025-03-29 07:14:54] local.INFO: <-----------------------------------[Post Controller Process]----------------------------------->  
[2025-03-29 07:15:02] local.INFO: <-----------------------------------[Pre Controller Process]----------------------------------->  
[2025-03-29 07:15:02] local.INFO: Request URL: http://gateway.local/api/meta/data  
[2025-03-29 07:15:02] local.INFO: Request Method: POST  
[2025-03-29 07:15:02] local.DEBUG: Request data: {
    "payload": "TpohErLmAuUWfl4hhPTjtERkm9P3s3kJO5bwRNzonjCXPuphkQfFbVxhPNaAhfkWtgFAw+\/Y6eDcyNRM1oUwcw=="
}  
[2025-03-29 07:15:02] local.DEBUG: Response data:
{
    "status": "Success",
    "error": 0,
    "message": "Startup Data",
    "payload": {
        "gateway_version": "1.0",
        "database_version": "1.0",
        "frontend_version": "1.0",
        "cue": "base64:Q3cmrwFmKvW9yTLARzCYwXtUfEz1dUn0w8Hh5d+HqO0="
    }
}  
[2025-03-29 07:15:02] local.INFO: Response Status: 200  
[2025-03-29 07:15:02] local.INFO: URL ORIGIN: http://gateway.local/api/meta/data  
[2025-03-29 07:15:02] local.INFO: <-----------------------------------[Post Controller Process]----------------------------------->  
[2025-03-29 07:17:04] local.INFO: <-----------------------------------[Pre Controller Process]----------------------------------->  
[2025-03-29 07:17:04] local.INFO: Request URL: http://gateway.local/api/meta/data  
[2025-03-29 07:17:04] local.INFO: Request Method: POST  
[2025-03-29 07:17:04] local.DEBUG: Request data: {
    "payload": "rOfRS5Ec7NEYcJ\/pXiUrNqVVKGb4TuzjdaTqYa3oaE1qub6mHO+inCE8wjzON3wKVvHita2imEYkt+RzLAWx2w=="
}  
[2025-03-29 07:17:04] local.DEBUG: Response data:
{
    "status": "Success",
    "error": 0,
    "message": "Startup Data",
    "payload": {
        "gateway_version": "1.0",
        "database_version": "1.0",
        "frontend_version": "1.0",
        "cue": "base64:Q3cmrwFmKvW9yTLARzCYwXtUfEz1dUn0w8Hh5d+HqO0="
    }
}  
[2025-03-29 07:17:04] local.INFO: Response Status: 200  
[2025-03-29 07:17:04] local.INFO: URL ORIGIN: http://gateway.local/api/meta/data  
[2025-03-29 07:17:04] local.INFO: <-----------------------------------[Post Controller Process]----------------------------------->  
[2025-03-29 07:17:44] local.INFO: <-----------------------------------[Pre Controller Process]----------------------------------->  
[2025-03-29 07:17:44] local.INFO: Request URL: http://gateway.local/api/meta/data  
[2025-03-29 07:17:44] local.INFO: Request Method: POST  
[2025-03-29 07:17:44] local.DEBUG: Request data: {
    "payload": "u\/bdGiPWKuWp0hsz\/2+U7NiOAb2gH4Ac2vbTcPHi6TtP02uOJJdMChKHIXs2VnJboiSuZztAvDzFtUaxUUDKjA=="
}  
[2025-03-29 07:17:44] local.DEBUG: Response data:
{
    "status": "Success",
    "error": 0,
    "message": "Startup Data",
    "payload": {
        "gateway_version": "1.0",
        "database_version": "1.0",
        "frontend_version": "1.0",
        "cue": "base64:Q3cmrwFmKvW9yTLARzCYwXtUfEz1dUn0w8Hh5d+HqO0="
    }
}  
[2025-03-29 07:17:44] local.INFO: Response Status: 200  
[2025-03-29 07:17:44] local.INFO: URL ORIGIN: http://gateway.local/api/meta/data  
[2025-03-29 07:17:44] local.INFO: <-----------------------------------[Post Controller Process]----------------------------------->  
[2025-03-29 07:18:05] local.INFO: <-----------------------------------[Pre Controller Process]----------------------------------->  
[2025-03-29 07:18:05] local.INFO: Request URL: http://gateway.local/api/meta/data  
[2025-03-29 07:18:05] local.INFO: Request Method: POST  
[2025-03-29 07:18:05] local.DEBUG: Request data: {
    "payload": "7j247sP\/mw5DPUDMZhKMCGaoPlQUTUhscIIbhxHPhxlQXXPn2aSyob1jiBRowRr8Azhx69D1Ot6dyqDNHBA90Q=="
}  
[2025-03-29 07:18:05] local.DEBUG: Response data:
{
    "status": "Success",
    "error": 0,
    "message": "Startup Data",
    "payload": {
        "gateway_version": "1.0",
        "database_version": "1.0",
        "frontend_version": "1.0",
        "cue": "base64:Q3cmrwFmKvW9yTLARzCYwXtUfEz1dUn0w8Hh5d+HqO0="
    }
}  
[2025-03-29 07:18:05] local.INFO: Response Status: 200  
[2025-03-29 07:18:05] local.INFO: URL ORIGIN: http://gateway.local/api/meta/data  
[2025-03-29 07:18:05] local.INFO: <-----------------------------------[Post Controller Process]----------------------------------->  
[2025-03-29 07:18:46] local.INFO: <-----------------------------------[Pre Controller Process]----------------------------------->  
[2025-03-29 07:18:46] local.INFO: Request URL: http://gateway.local/api/meta/data  
[2025-03-29 07:18:46] local.INFO: Request Method: POST  
[2025-03-29 07:18:46] local.DEBUG: Request data: {
    "payload": "LZZ1bnE13hW6j\/tk0kK9QMzSlKvvJ0oQBBPWCP4ozNL+9oW72FiaCxtl\/z3ee2A6qcfssFVSrrHhgyvpgIX4+g=="
}  
[2025-03-29 07:18:46] local.DEBUG: Response data:
{
    "status": "Success",
    "error": 0,
    "message": "Startup Data",
    "payload": {
        "gateway_version": "1.0",
        "database_version": "1.0",
        "frontend_version": "1.0",
        "cue": "base64:Q3cmrwFmKvW9yTLARzCYwXtUfEz1dUn0w8Hh5d+HqO0="
    }
}  
[2025-03-29 07:18:46] local.INFO: Response Status: 200  
[2025-03-29 07:18:46] local.INFO: URL ORIGIN: http://gateway.local/api/meta/data  
[2025-03-29 07:18:46] local.INFO: <-----------------------------------[Post Controller Process]----------------------------------->  
[2025-03-29 07:19:12] local.INFO: <-----------------------------------[Pre Controller Process]----------------------------------->  
[2025-03-29 07:19:12] local.INFO: Request URL: http://gateway.local/api/meta/data  
[2025-03-29 07:19:12] local.INFO: Request Method: POST  
[2025-03-29 07:19:12] local.DEBUG: Request data: {
    "payload": "p22TiLAKyLA6JSUkxIv2Ny0x9\/NeNHY9nTjBCWpBdf3RgQHQcnsDz0B3Ymaqvx9LpKPS2khBm8GTDIaHZXYavg=="
}  
[2025-03-29 07:19:12] local.DEBUG: Response data:
{
    "status": "Success",
    "error": 0,
    "message": "Startup Data",
    "payload": {
        "gateway_version": "1.0",
        "database_version": "1.0",
        "frontend_version": "1.0",
        "cue": "base64:Q3cmrwFmKvW9yTLARzCYwXtUfEz1dUn0w8Hh5d+HqO0="
    }
}  
[2025-03-29 07:19:12] local.INFO: Response Status: 200  
[2025-03-29 07:19:12] local.INFO: URL ORIGIN: http://gateway.local/api/meta/data  
[2025-03-29 07:19:12] local.INFO: <-----------------------------------[Post Controller Process]----------------------------------->  
[2025-03-29 07:20:37] local.INFO: <-----------------------------------[Pre Controller Process]----------------------------------->  
[2025-03-29 07:20:37] local.INFO: Request URL: http://gateway.local/api/meta/data  
[2025-03-29 07:20:37] local.INFO: Request Method: POST  
[2025-03-29 07:20:37] local.DEBUG: Request data: {
    "payload": "Ag36hCM4IuCW2qX44ivzXoGoOCnONTUoE3XCcO8SGf\/XVYgm20GZtvTGD14JwYXwnqFFIs01b808Bt0TfPltkw=="
}  
[2025-03-29 07:20:37] local.DEBUG: Response data:
{
    "status": "Success",
    "error": 0,
    "message": "Startup Data",
    "payload": {
        "gateway_version": "1.0",
        "database_version": "1.0",
        "frontend_version": "1.0",
        "cue": "base64:Q3cmrwFmKvW9yTLARzCYwXtUfEz1dUn0w8Hh5d+HqO0="
    }
}  
[2025-03-29 07:20:37] local.INFO: Response Status: 200  
[2025-03-29 07:20:37] local.INFO: URL ORIGIN: http://gateway.local/api/meta/data  
[2025-03-29 07:20:37] local.INFO: <-----------------------------------[Post Controller Process]----------------------------------->  
[2025-03-29 07:21:13] local.INFO: <-----------------------------------[Pre Controller Process]----------------------------------->  
[2025-03-29 07:21:13] local.INFO: Request URL: http://gateway.local/api/meta/data  
[2025-03-29 07:21:13] local.INFO: Request Method: POST  
[2025-03-29 07:21:13] local.DEBUG: Request data: {
    "payload": "nb2qWRvdj3yUQtHppRecmvQle7fV5ke\/FyO8HkOejXL1KMZThzxYmFGAoemT\/uxBVgI1Tdfee7TiQnkMaf8TKg=="
}  
[2025-03-29 07:21:13] local.DEBUG: Response data:
{
    "status": "Success",
    "error": 0,
    "message": "Startup Data",
    "payload": {
        "gateway_version": "1.0",
        "database_version": "1.0",
        "frontend_version": "1.0",
        "cue": "base64:Q3cmrwFmKvW9yTLARzCYwXtUfEz1dUn0w8Hh5d+HqO0="
    }
}  
[2025-03-29 07:21:13] local.INFO: Response Status: 200  
[2025-03-29 07:21:13] local.INFO: URL ORIGIN: http://gateway.local/api/meta/data  
[2025-03-29 07:21:13] local.INFO: <-----------------------------------[Post Controller Process]----------------------------------->  
[2025-03-29 07:21:23] local.INFO: <-----------------------------------[Pre Controller Process]----------------------------------->  
[2025-03-29 07:21:23] local.INFO: Request URL: http://gateway.local/api/meta/data  
[2025-03-29 07:21:23] local.INFO: Request Method: POST  
[2025-03-29 07:21:23] local.DEBUG: Request data: {
    "payload": "r4lS\/rNS46sekpqx9XIwhqI1cDD1LFQbnL\/wouhyFAZ+dR5lpWW7trfRzO\/AI7JLpkeF5rIj1C3X8zfWa29b4A=="
}  
[2025-03-29 07:21:23] local.DEBUG: Response data:
{
    "status": "Success",
    "error": 0,
    "message": "Startup Data",
    "payload": {
        "gateway_version": "1.0",
        "database_version": "1.0",
        "frontend_version": "1.0",
        "cue": "base64:Q3cmrwFmKvW9yTLARzCYwXtUfEz1dUn0w8Hh5d+HqO0="
    }
}  
[2025-03-29 07:21:23] local.INFO: Response Status: 200  
[2025-03-29 07:21:23] local.INFO: URL ORIGIN: http://gateway.local/api/meta/data  
[2025-03-29 07:21:23] local.INFO: <-----------------------------------[Post Controller Process]----------------------------------->  
[2025-03-29 07:21:38] local.INFO: <-----------------------------------[Pre Controller Process]----------------------------------->  
[2025-03-29 07:21:38] local.INFO: Request URL: http://gateway.local/api/meta/data  
[2025-03-29 07:21:38] local.INFO: Request Method: POST  
[2025-03-29 07:21:38] local.DEBUG: Request data: {
    "payload": "OLO+ASfCKvFi2IagR0PMHKOw9af1BYtjtgztrOQNPHEqUJ+r4GkagIvyJ7xvgNP09vppV2m\/4cFklnkF884uoQ=="
}  
[2025-03-29 07:21:38] local.DEBUG: Response data:
{
    "status": "Success",
    "error": 0,
    "message": "Startup Data",
    "payload": {
        "gateway_version": "1.0",
        "database_version": "1.0",
        "frontend_version": "1.0",
        "cue": "base64:Q3cmrwFmKvW9yTLARzCYwXtUfEz1dUn0w8Hh5d+HqO0="
    }
}  
[2025-03-29 07:21:38] local.INFO: Response Status: 200  
[2025-03-29 07:21:38] local.INFO: URL ORIGIN: http://gateway.local/api/meta/data  
[2025-03-29 07:21:38] local.INFO: <-----------------------------------[Post Controller Process]----------------------------------->  
[2025-03-29 07:21:43] local.INFO: <-----------------------------------[Pre Controller Process]----------------------------------->  
[2025-03-29 07:21:43] local.INFO: Request URL: http://gateway.local/api/meta/data  
[2025-03-29 07:21:43] local.INFO: Request Method: POST  
[2025-03-29 07:21:43] local.DEBUG: Request data: {
    "payload": "Wf5px3WT2UcH01dIZ46ZqUz+7TYPjNeu9FwJYyk8aelklV1+qWVtL0GXv63RwKAsKhhF1FEFe4C0h7TenSzIQA=="
}  
[2025-03-29 07:21:43] local.DEBUG: Response data:
{
    "status": "Success",
    "error": 0,
    "message": "Startup Data",
    "payload": {
        "gateway_version": "1.0",
        "database_version": "1.0",
        "frontend_version": "1.0",
        "cue": "base64:Q3cmrwFmKvW9yTLARzCYwXtUfEz1dUn0w8Hh5d+HqO0="
    }
}  
[2025-03-29 07:21:43] local.INFO: Response Status: 200  
[2025-03-29 07:21:43] local.INFO: URL ORIGIN: http://gateway.local/api/meta/data  
[2025-03-29 07:21:43] local.INFO: <-----------------------------------[Post Controller Process]----------------------------------->  
[2025-03-29 07:21:59] local.INFO: <-----------------------------------[Pre Controller Process]----------------------------------->  
[2025-03-29 07:21:59] local.INFO: Request URL: http://gateway.local/api/meta/data  
[2025-03-29 07:21:59] local.INFO: Request Method: POST  
[2025-03-29 07:21:59] local.DEBUG: Request data: {
    "payload": "Na0RheazV1h7o5JIGMojMG4yIrWJKWL4pJMPwvDSX9\/F+FfTEW3SrsD+aBgtkugNkHlGO7OAdoA1DGPKaWrrWA=="
}  
[2025-03-29 07:21:59] local.DEBUG: Response data:
{
    "status": "Success",
    "error": 0,
    "message": "Startup Data",
    "payload": {
        "gateway_version": "1.0",
        "database_version": "1.0",
        "frontend_version": "1.0",
        "cue": "base64:Q3cmrwFmKvW9yTLARzCYwXtUfEz1dUn0w8Hh5d+HqO0="
    }
}  
[2025-03-29 07:21:59] local.INFO: Response Status: 200  
[2025-03-29 07:21:59] local.INFO: URL ORIGIN: http://gateway.local/api/meta/data  
[2025-03-29 07:21:59] local.INFO: <-----------------------------------[Post Controller Process]----------------------------------->  
[2025-03-29 07:22:11] local.INFO: <-----------------------------------[Pre Controller Process]----------------------------------->  
[2025-03-29 07:22:11] local.INFO: Request URL: http://gateway.local/api/meta/data  
[2025-03-29 07:22:11] local.INFO: Request Method: POST  
[2025-03-29 07:22:11] local.DEBUG: Request data: {
    "payload": "GshQlnZN0E3\/OFbP9D2JBQd0BqeWK20UEphJcd40RkLVxp19kSqIIA1q1RrGvNA75WI1BIssaxNGxcJ8Hpn3jA=="
}  
[2025-03-29 07:22:11] local.DEBUG: Response data:
{
    "status": "Success",
    "error": 0,
    "message": "Startup Data",
    "payload": {
        "gateway_version": "1.0",
        "database_version": "1.0",
        "frontend_version": "1.0",
        "cue": "base64:Q3cmrwFmKvW9yTLARzCYwXtUfEz1dUn0w8Hh5d+HqO0="
    }
}  
[2025-03-29 07:22:11] local.INFO: Response Status: 200  
[2025-03-29 07:22:11] local.INFO: URL ORIGIN: http://gateway.local/api/meta/data  
[2025-03-29 07:22:11] local.INFO: <-----------------------------------[Post Controller Process]----------------------------------->  
[2025-03-29 07:22:33] local.INFO: <-----------------------------------[Pre Controller Process]----------------------------------->  
[2025-03-29 07:22:33] local.INFO: Request URL: http://gateway.local/api/meta/data  
[2025-03-29 07:22:33] local.INFO: Request Method: POST  
[2025-03-29 07:22:33] local.DEBUG: Request data: {
    "payload": "6v4Vgs2h7X+fYC1zIujUiWMU9\/1rknTG+Jb7w1GOrPFYtJQNC4ZceW0F1W92rJwm8wADrrNe+Sc5XbyuranK\/w=="
}  
[2025-03-29 07:22:33] local.DEBUG: Response data:
{
    "status": "Success",
    "error": 0,
    "message": "Startup Data",
    "payload": {
        "gateway_version": "1.0",
        "database_version": "1.0",
        "frontend_version": "1.0",
        "cue": "base64:Q3cmrwFmKvW9yTLARzCYwXtUfEz1dUn0w8Hh5d+HqO0="
    }
}  
[2025-03-29 07:22:33] local.INFO: Response Status: 200  
[2025-03-29 07:22:33] local.INFO: URL ORIGIN: http://gateway.local/api/meta/data  
[2025-03-29 07:22:33] local.INFO: <-----------------------------------[Post Controller Process]----------------------------------->  
[2025-03-29 07:22:39] local.INFO: <-----------------------------------[Pre Controller Process]----------------------------------->  
[2025-03-29 07:22:39] local.INFO: Request URL: http://gateway.local/api/meta/data  
[2025-03-29 07:22:39] local.INFO: Request Method: POST  
[2025-03-29 07:22:39] local.DEBUG: Request data: {
    "payload": "P7Ax9R055KkOaq00vREFcGeDL\/gGfavgIotwIVb\/Z0ZxUy9ryFJjry2lRDbv8o+PrZQcFRtSS\/bHJz\/+8m5oDg=="
}  
[2025-03-29 07:22:39] local.DEBUG: Response data:
{
    "status": "Success",
    "error": 0,
    "message": "Startup Data",
    "payload": {
        "gateway_version": "1.0",
        "database_version": "1.0",
        "frontend_version": "1.0",
        "cue": "base64:Q3cmrwFmKvW9yTLARzCYwXtUfEz1dUn0w8Hh5d+HqO0="
    }
}  
[2025-03-29 07:22:39] local.INFO: Response Status: 200  
[2025-03-29 07:22:39] local.INFO: URL ORIGIN: http://gateway.local/api/meta/data  
[2025-03-29 07:22:39] local.INFO: <-----------------------------------[Post Controller Process]----------------------------------->  
[2025-03-29 07:22:41] local.INFO: <-----------------------------------[Pre Controller Process]----------------------------------->  
[2025-03-29 07:22:41] local.INFO: Request URL: http://gateway.local/api/web/login  
[2025-03-29 07:22:41] local.INFO: Request Method: POST  
[2025-03-29 07:22:41] local.DEBUG: Request data: {
    "payload": {
        "username": "superuser",
        "password": "123123aA"
    }
}  
[2025-03-29 07:22:41] local.INFO: [AuthController@webLogin] Logging in username superuser  
[2025-03-29 07:22:41] local.INFO: [AuthController@webLogin] superuser login success!  
[2025-03-29 07:22:41] local.DEBUG: Response data:
{
    "status": "Success",
    "error": 0,
    "message": "Login success!",
    "payload": {
        "access_token": "eyJ0eXAiOiJKV1QiLCJhbGciOiJIUzI1NiJ9.eyJpc3MiOiJodHRwOi8vZ2F0ZXdheS5sb2NhbC9hcGkvd2ViL2xvZ2luIiwiaWF0IjoxNzQzMjMyOTYxLCJleHAiOjE3NDMyMzY1NjEsIm5iZiI6MTc0MzIzMjk2MSwianRpIjoic2pUTDhhN0ZSanBrTmZBSiIsInN1YiI6IjEiLCJwcnYiOiIyM2JkNWM4OTQ5ZjYwMGFkYjM5ZTcwMWM0MDA4NzJkYjdhNTk3NmY3In0.vcZamvBaiOVAs1-KoKUSR3PpaHcxcgwYu8qjcsBbugI",
        "token_expire": 3600
    }
}  
[2025-03-29 07:22:41] local.INFO: Response Status: 200  
[2025-03-29 07:22:41] local.INFO: URL ORIGIN: http://gateway.local/api/web/login  
[2025-03-29 07:22:41] local.INFO: <-----------------------------------[Post Controller Process]----------------------------------->  
[2025-03-29 08:28:01] local.INFO: <-----------------------------------[Pre Controller Process]----------------------------------->  
[2025-03-29 08:28:01] local.INFO: Request URL: http://gateway.local/api/meta/data  
[2025-03-29 08:28:01] local.INFO: Request Method: POST  
[2025-03-29 08:28:01] local.DEBUG: Request data: {
    "payload": "gfKNfgKExhBYnNj4ys6i9DPu1\/XMWFbaJi1AGkZL438qA2l9XLqj2KqU7FWL+WpOpK+CueLrgW2l9gTuCOiiyw=="
}  
[2025-03-29 08:28:01] local.DEBUG: Response data:
{
    "status": "Success",
    "error": 0,
    "message": "Startup Data",
    "payload": {
        "gateway_version": "1.0",
        "database_version": "1.0",
        "frontend_version": "1.0",
        "cue": "base64:Q3cmrwFmKvW9yTLARzCYwXtUfEz1dUn0w8Hh5d+HqO0="
    }
}  
[2025-03-29 08:28:01] local.INFO: Response Status: 200  
[2025-03-29 08:28:01] local.INFO: URL ORIGIN: http://gateway.local/api/meta/data  
[2025-03-29 08:28:01] local.INFO: <-----------------------------------[Post Controller Process]----------------------------------->  
[2025-03-29 08:41:24] local.INFO: <-----------------------------------[Pre Controller Process]----------------------------------->  
[2025-03-29 08:41:24] local.INFO: Request URL: http://gateway.local/api/meta/data  
[2025-03-29 08:41:24] local.INFO: Request Method: POST  
[2025-03-29 08:41:24] local.DEBUG: Request data: {
    "payload": "VXlxu3Ir2HoClnuyNw1mUqaHpz8pPB\/pZuamCQJ2M5G7C2vnToxu99W8s1ztBsxoUhvK5YLicVMSTQeU1oTbBg=="
}  
[2025-03-29 08:41:24] local.DEBUG: Response data:
{
    "status": "Success",
    "error": 0,
    "message": "Startup Data",
    "payload": {
        "gateway_version": "1.0",
        "database_version": "1.0",
        "frontend_version": "1.0",
        "cue": "base64:Q3cmrwFmKvW9yTLARzCYwXtUfEz1dUn0w8Hh5d+HqO0="
    }
}  
[2025-03-29 08:41:24] local.INFO: Response Status: 200  
[2025-03-29 08:41:24] local.INFO: URL ORIGIN: http://gateway.local/api/meta/data  
[2025-03-29 08:41:24] local.INFO: <-----------------------------------[Post Controller Process]----------------------------------->  
[2025-03-29 08:41:31] local.INFO: <-----------------------------------[Pre Controller Process]----------------------------------->  
[2025-03-29 08:41:31] local.INFO: Request URL: http://gateway.local/api/meta/data  
[2025-03-29 08:41:31] local.INFO: Request Method: POST  
[2025-03-29 08:41:31] local.DEBUG: Request data: {
    "payload": "oANUK4kCPtKS0mNW3p1yaEbTogusLDTEI3UxozFm\/NfaZYzq4i89kiIBrZ9oLzZPdMA2GHkVld\/r2jRLenNiCw=="
}  
[2025-03-29 08:41:31] local.DEBUG: Response data:
{
    "status": "Success",
    "error": 0,
    "message": "Startup Data",
    "payload": {
        "gateway_version": "1.0",
        "database_version": "1.0",
        "frontend_version": "1.0",
        "cue": "base64:Q3cmrwFmKvW9yTLARzCYwXtUfEz1dUn0w8Hh5d+HqO0="
    }
}  
[2025-03-29 08:41:31] local.INFO: Response Status: 200  
[2025-03-29 08:41:31] local.INFO: URL ORIGIN: http://gateway.local/api/meta/data  
[2025-03-29 08:41:31] local.INFO: <-----------------------------------[Post Controller Process]----------------------------------->  
[2025-03-29 08:41:32] local.INFO: <-----------------------------------[Pre Controller Process]----------------------------------->  
[2025-03-29 08:41:32] local.INFO: Request URL: http://gateway.local/api/meta/data  
[2025-03-29 08:41:32] local.INFO: Request Method: POST  
[2025-03-29 08:41:32] local.DEBUG: Request data: {
    "payload": "F9QY8VPl7cBg41IL4CYpM+CkrMxh+Ed0X36s2gRL9+57d9EbFqgLehnYLlsP2p7AouGRt4bjy6AiIse1e5gNmg=="
}  
[2025-03-29 08:41:32] local.DEBUG: Response data:
{
    "status": "Success",
    "error": 0,
    "message": "Startup Data",
    "payload": {
        "gateway_version": "1.0",
        "database_version": "1.0",
        "frontend_version": "1.0",
        "cue": "base64:Q3cmrwFmKvW9yTLARzCYwXtUfEz1dUn0w8Hh5d+HqO0="
    }
}  
[2025-03-29 08:41:32] local.INFO: Response Status: 200  
[2025-03-29 08:41:32] local.INFO: URL ORIGIN: http://gateway.local/api/meta/data  
[2025-03-29 08:41:32] local.INFO: <-----------------------------------[Post Controller Process]----------------------------------->  
[2025-03-29 08:41:33] local.INFO: <-----------------------------------[Pre Controller Process]----------------------------------->  
[2025-03-29 08:41:33] local.INFO: Request URL: http://gateway.local/api/meta/data  
[2025-03-29 08:41:33] local.INFO: Request Method: POST  
[2025-03-29 08:41:33] local.DEBUG: Request data: {
    "payload": "nMTnZoU7dFy1Wtvq4lfqEct1Y4gFXgE\/Spj9ZzzImsEZ4VNGAb90DZnhMA6PYRX+2Dfs9xlkssaE05prYtPDDg=="
}  
[2025-03-29 08:41:33] local.DEBUG: Response data:
{
    "status": "Success",
    "error": 0,
    "message": "Startup Data",
    "payload": {
        "gateway_version": "1.0",
        "database_version": "1.0",
        "frontend_version": "1.0",
        "cue": "base64:Q3cmrwFmKvW9yTLARzCYwXtUfEz1dUn0w8Hh5d+HqO0="
    }
}  
[2025-03-29 08:41:33] local.INFO: Response Status: 200  
[2025-03-29 08:41:33] local.INFO: URL ORIGIN: http://gateway.local/api/meta/data  
[2025-03-29 08:41:33] local.INFO: <-----------------------------------[Post Controller Process]----------------------------------->  
